Flutter crash report.
Please report a bug at https://github.com/flutter/flutter/issues.

## command

flutter run -d chrome

## exception

DartDevelopmentServiceException: DartDevelopmentServiceException: Failed to start Dart Development Service

```
```

## flutter doctor

```
[✓] Flutter (Channel stable, 3.35.7, on Microsoft Windows [Version 10.0.26200.7462], locale en-US) [899ms]
    • Flutter version 3.35.7 on channel stable at C:\Users\flutter_windows_3.35.7-stable\flutter
    • Upstream repository https://github.com/flutter/flutter.git
    • Framework revision adc9010625 (3 months ago), 2025-10-21 14:16:03 -0400
    • Engine revision 035316565a
    • Dart version 3.9.2
    • DevTools version 2.48.0
    • Feature flags: enable-web, enable-linux-desktop, enable-macos-desktop, enable-windows-desktop, enable-android, enable-ios, cli-animations, enable-lldb-debugging

[✓] Windows Version (Windows 11 or higher, 25H2, 2009) [3.9s]

[!] Android toolchain - develop for Android devices (Android SDK version 36.1.0) [1,739ms]
    • Android SDK at C:\Users\PC\AppData\Local\Android\sdk
    • Emulator version 36.3.10.0 (build_id 14472402) (CL:N/A)
    ✗ cmdline-tools component is missing.
      Try installing or updating Android Studio.
      Alternatively, download the tools from https://developer.android.com/studio#command-line-tools-only and make sure to set the ANDROID_HOME environment variable.
      See https://developer.android.com/studio/command-line for more details.
    ✗ Android license status unknown.
      Run `flutter doctor --android-licenses` to accept the SDK licenses.
      See https://flutter.dev/to/windows-android-setup for more details.

[✓] Chrome - develop for the web [438ms]
    • Chrome at C:\Program Files\Google\Chrome\Application\chrome.exe

[✓] Visual Studio - develop Windows apps (Visual Studio Build Tools 2022 17.14.23) [435ms]
    • Visual Studio at C:\Program Files (x86)\Microsoft Visual Studio\2022\BuildTools
    • Visual Studio Build Tools 2022 version 17.14.36811.4
    • Windows 10 SDK version 10.0.26100.0

[✓] Android Studio (version 2025.2.2) [11ms]
    • Android Studio at C:\Program Files\Android\Android Studio
    • Flutter plugin can be installed from:
      🔨 https://plugins.jetbrains.com/plugin/9212-flutter
    • Dart plugin can be installed from:
      🔨 https://plugins.jetbrains.com/plugin/6351-dart
    • Java version OpenJDK Runtime Environment (build 21.0.8+-14196175-b1038.72)

[✓] VS Code (version 1.107.1) [9ms]
    • VS Code at C:\Users\PC\AppData\Local\Programs\Microsoft VS Code
    • Flutter extension version 3.126.0

[✓] Connected device (3 available) [309ms]
    • Windows (desktop) • windows • windows-x64    • Microsoft Windows [Version 10.0.26200.7462]
    • Chrome (web)      • chrome  • web-javascript • Google Chrome 143.0.7499.170
    • Edge (web)        • edge    • web-javascript • Microsoft Edge 143.0.3650.96

[✓] Network resources [2.6s]
    • All expected network resources are available.

! Doctor found issues in 1 category.
```
