Launching lib\main.dart on Chrome in debug mode...
Waiting for connection from debug service on Chrome...             35.9s
This app is linked to the debug service: ws://127.0.0.1:63439/VyilVFC18OQ=/ws
Debug service listening on ws://127.0.0.1:63439/VyilVFC18OQ=/ws

Flutter run key commands.
r Hot reload. 
R Hot restart.
h List all available interactive commands.
d Detach (terminate "flutter run" but leave application running).
c Clear the screen
q Quit (terminate the application on the device).

A Dart VM Service on Chrome is available at: http://127.0.0.1:63439/VyilVFC18OQ=
Starting application from main method in: org-dartlang-app:/web_entrypoint.dart.
supabase.supabase_flutter: INFO: ***** Supabase init completed ***** 
The Flutter DevTools debugger and profiler on Chrome is available at: http://127.0.0.1:9102?uri=http://127.0.0.1:63439/VyilVFC18OQ=
ÔòÉÔòÉÔòí EXCEPTION CAUGHT BY RENDERING LIBRARY Ôò×ÔòÉÔòÉÔòÉÔòÉÔòÉÔòÉÔòÉÔòÉÔòÉÔòÉÔòÉÔòÉÔòÉÔòÉÔòÉÔòÉÔòÉÔòÉÔòÉÔòÉÔòÉÔòÉÔòÉÔòÉÔòÉÔòÉÔòÉÔòÉÔòÉÔòÉÔòÉÔòÉÔòÉÔòÉÔòÉÔòÉÔòÉÔòÉÔòÉÔòÉÔòÉÔòÉÔòÉÔòÉÔòÉÔòÉÔòÉÔòÉÔòÉÔòÉÔòÉÔòÉÔòÉÔòÉÔòÉÔòÉÔòÉ
The following assertion was thrown during layout:
A RenderFlex overflowed by 11 pixels on the right.

The relevant error-causing widget was:
  DataTable DataTable:file:///C:/Users/PC/AuraSphere/crm/aura_crm/lib/landing_page.dart:544:20

To inspect this widget in Flutter DevTools, visit:
http://127.0.0.1:9102/#/inspector?uri=http%3A%2F%2F127.0.0.1%3A63439%2FVyilVFC18OQ%3D&inspectorRef=inspector-0

The overflowing RenderFlex has an orientation of Axis.horizontal.
The edge of the RenderFlex that is overflowing has been marked in the rendering with a yellow and
black striped pattern. This is usually caused by the contents being too big for the RenderFlex.
Consider applying a flex factor (e.g. using an Expanded widget) to force the children of the
RenderFlex to fit within the available space instead of being sized to their natural size.
This is considered an error condition because it indicates that there is content that cannot be
seen. If the content is legitimately bigger than the available space, consider clipping it with a
ClipRect widget before putting it in the flex, or using a scrollable container rather than a Flex,
like a ListView.
The specific RenderFlex in question is: RenderFlex#40c80 relayoutBoundary=up2 OVERFLOWING:
  creator: Row ÔåÉ Semantics ÔåÉ DefaultTextStyle ÔåÉ AnimatedDefaultTextStyle ÔåÉ Align ÔåÉ Padding ÔåÉ
    ConstrainedBox ÔåÉ Container ÔåÉ Listener ÔåÉ RawGestureDetector ÔåÉ GestureDetector ÔåÉ Semantics ÔåÉ Ôï»
  parentData: <none> (can use size)
  constraints: BoxConstraints(0.0<=w<=52.7, 0.0<=h<=56.0)
  size: Size(52.7, 20.0)
  direction: horizontal
  mainAxisAlignment: start
  mainAxisSize: max
  crossAxisAlignment: center
  textDirection: ltr
  verticalDirection: down
  spacing: 0.0
ÔùóÔùñÔùóÔùñÔùóÔùñÔùóÔùñÔùóÔùñÔùóÔùñÔùóÔùñÔùóÔùñÔùóÔùñÔùóÔùñÔùóÔùñÔùóÔùñÔùóÔùñÔùóÔùñÔùóÔùñÔùóÔùñÔùóÔùñÔùóÔùñÔùóÔùñÔùóÔùñÔùóÔùñÔùóÔùñÔùóÔùñÔùóÔùñÔùóÔùñÔùóÔùñÔùóÔùñÔùóÔùñÔùóÔùñÔùóÔùñÔùóÔùñÔùóÔùñÔùóÔùñÔùóÔùñÔùóÔùñÔùóÔùñÔùóÔùñÔùóÔùñÔùóÔùñÔùóÔùñÔùóÔùñÔùóÔùñÔùóÔùñÔùóÔùñÔùóÔùñÔùóÔùñÔùóÔùñÔùóÔùñÔùóÔùñÔùóÔùñ
ÔòÉÔòÉÔòÉÔòÉÔòÉÔòÉÔòÉÔòÉÔòÉÔòÉÔòÉÔòÉÔòÉÔòÉÔòÉÔòÉÔòÉÔòÉÔòÉÔòÉÔòÉÔòÉÔòÉÔòÉÔòÉÔòÉÔòÉÔòÉÔòÉÔòÉÔòÉÔòÉÔòÉÔòÉÔòÉÔòÉÔòÉÔòÉÔòÉÔòÉÔòÉÔòÉÔòÉÔòÉÔòÉÔòÉÔòÉÔòÉÔòÉÔòÉÔòÉÔòÉÔòÉÔòÉÔòÉÔòÉÔòÉÔòÉÔòÉÔòÉÔòÉÔòÉÔòÉÔòÉÔòÉÔòÉÔòÉÔòÉÔòÉÔòÉÔòÉÔòÉÔòÉÔòÉÔòÉÔòÉÔòÉÔòÉÔòÉÔòÉÔòÉÔòÉÔòÉÔòÉÔòÉÔòÉÔòÉÔòÉÔòÉÔòÉÔòÉÔòÉÔòÉÔòÉÔòÉÔòÉÔòÉÔòÉÔòÉÔòÉ
Another exception was thrown: A RenderFlex overflowed by 11 pixels on the right.
Could not find a set of Noto fonts to display all missing characters. Please add a font asset for the missing characters. See: https://flutter.dev/docs/cookbook/design/fonts
DartError: Could not find a generator for route RouteSettings("/sign-up", null) in the _WidgetsAppState.
Make sure your root app widget has provided a way to generate
this route.
Generators for routes are searched for in the following order:
 1. For the "/" route, the "home" property, if non-null, is used.
 2. Otherwise, the "routes" table is used, if it has an entry for the route.
 3. Otherwise, onGenerateRoute is called. It should return a non-null value for any valid route not handled by "home" and "routes".
 4. Finally if all else fails onUnknownRoute is called.
Unfortunately, onUnknownRoute was not set.
dart-sdk/lib/_internal/js_dev_runtime/private/ddc_runtime/errors.dart 274:3       throw_
package:flutter/src/widgets/app.dart 1570:9                                       <fn>
package:flutter/src/widgets/app.dart 1584:14                                      [_onUnknownRoute]
dart-sdk/lib/_internal/js_dev_runtime/private/ddc_runtime/operations.dart 118:77  tear
package:flutter/src/widgets/navigator.dart 4664:22                                [_routeNamed]
package:flutter/src/widgets/navigator.dart 4711:21                                pushNamed
package:flutter/src/widgets/navigator.dart 1905:32                                pushNamed
package:aura_crm/landing_page.dart 35:15                                          <fn>
dart-sdk/lib/_internal/js_dev_runtime/patch/async_patch.dart 623:19               <fn>
dart-sdk/lib/_internal/js_dev_runtime/patch/async_patch.dart 648:23               <fn>
dart-sdk/lib/_internal/js_dev_runtime/patch/async_patch.dart 542:3                _asyncStartSync
package:aura_crm/landing_page.dart 34:16                                          [_navigateToRoute]
package:aura_crm/landing_page.dart 133:34                                         <fn>
package:flutter/src/material/ink_well.dart 1204:21                                handleTap
dart-sdk/lib/_internal/js_dev_runtime/private/ddc_runtime/operations.dart 118:77  tear
package:flutter/src/gestures/recognizer.dart 345:24                               invokeCallback
package:flutter/src/gestures/tap.dart 758:11                                      handleTapUp
package:flutter/src/gestures/tap.dart 383:5                                       [_checkUp]
package:flutter/src/gestures/tap.dart 314:7                                       handlePrimaryPointer
package:flutter/src/gestures/recognizer.dart 721:9                                handleEvent
dart-sdk/lib/_internal/js_dev_runtime/private/ddc_runtime/operations.dart 118:77  tear
package:flutter/src/gestures/pointer_router.dart 97:7                             [_dispatch]
package:flutter/src/gestures/pointer_router.dart 142:9                            <fn>
dart-sdk/lib/_internal/js_dev_runtime/private/linked_hash_map.dart 21:7           forEach
package:flutter/src/gestures/pointer_router.dart 140:17                           [_dispatchEventToRoutes]
package:flutter/src/gestures/pointer_router.dart 130:7                            route
package:flutter/src/gestures/binding.dart 528:5                                   handleEvent
package:flutter/src/gestures/binding.dart 498:14                                  dispatchEvent
package:flutter/src/rendering/binding.dart 473:11                                 dispatchEvent
package:flutter/src/gestures/binding.dart 437:7                                   [_handlePointerEventImmediately]
package:flutter/src/gestures/binding.dart 394:5                                   handlePointerEvent
package:flutter/src/gestures/binding.dart 341:7                                   [_flushPointerEventQueue]
package:flutter/src/gestures/binding.dart 308:9                                   [_handlePointerDataPacket]
dart-sdk/lib/_internal/js_dev_runtime/private/ddc_runtime/operations.dart 118:77  tear
lib/_engine/engine/platform_dispatcher.dart 1537:5                                invoke1
lib/_engine/engine/platform_dispatcher.dart 292:5                                 invokeOnPointerDataPacket
lib/_engine/engine/pointer_binding.dart 451:30                                    [_sendToFramework]
lib/_engine/engine/pointer_binding.dart 233:7                                     onPointerData
dart-sdk/lib/_internal/js_dev_runtime/private/ddc_runtime/operations.dart 118:77  tear
lib/_engine/engine/pointer_binding.dart 1070:20                                   <fn>
lib/_engine/engine/pointer_binding.dart 953:7                                     <fn>
lib/_engine/engine/pointer_binding.dart 576:9                                     loggedHandler
dart-sdk/lib/async/zone.dart 1849:54                                              runUnary
dart-sdk/lib/async/zone.dart 1804:26                                              <fn>
dart-sdk/lib/_internal/js_dev_runtime/patch/js_allow_interop_patch.dart 224:27    _callDartFunctionFast1
DartError: Could not find a generator for route RouteSettings("/sign-in", null) in the _WidgetsAppState.
Make sure your root app widget has provided a way to generate
this route.
Generators for routes are searched for in the following order:
 1. For the "/" route, the "home" property, if non-null, is used.
 2. Otherwise, the "routes" table is used, if it has an entry for the route.
 3. Otherwise, onGenerateRoute is called. It should return a non-null value for any valid route not handled by "home" and "routes".
 4. Finally if all else fails onUnknownRoute is called.
Unfortunately, onUnknownRoute was not set.
dart-sdk/lib/_internal/js_dev_runtime/private/ddc_runtime/errors.dart 274:3       throw_
package:flutter/src/widgets/app.dart 1570:9                                       <fn>
package:flutter/src/widgets/app.dart 1584:14                                      [_onUnknownRoute]
dart-sdk/lib/_internal/js_dev_runtime/private/ddc_runtime/operations.dart 118:77  tear
package:flutter/src/widgets/navigator.dart 4664:22                                [_routeNamed]
package:flutter/src/widgets/navigator.dart 4711:21                                pushNamed
package:flutter/src/widgets/navigator.dart 1905:32                                pushNamed
package:aura_crm/landing_page.dart 35:15                                          <fn>
dart-sdk/lib/_internal/js_dev_runtime/patch/async_patch.dart 623:19               <fn>
dart-sdk/lib/_internal/js_dev_runtime/patch/async_patch.dart 648:23               <fn>
dart-sdk/lib/_internal/js_dev_runtime/patch/async_patch.dart 542:3                _asyncStartSync
package:aura_crm/landing_page.dart 34:16                                          [_navigateToRoute]
package:aura_crm/landing_page.dart 124:34                                         <fn>
package:flutter/src/material/ink_well.dart 1204:21                                handleTap
dart-sdk/lib/_internal/js_dev_runtime/private/ddc_runtime/operations.dart 118:77  tear
package:flutter/src/gestures/recognizer.dart 345:24                               invokeCallback
package:flutter/src/gestures/tap.dart 758:11                                      handleTapUp
package:flutter/src/gestures/tap.dart 383:5                                       [_checkUp]
package:flutter/src/gestures/tap.dart 314:7                                       handlePrimaryPointer
package:flutter/src/gestures/recognizer.dart 721:9                                handleEvent
dart-sdk/lib/_internal/js_dev_runtime/private/ddc_runtime/operations.dart 118:77  tear
package:flutter/src/gestures/pointer_router.dart 97:7                             [_dispatch]
package:flutter/src/gestures/pointer_router.dart 142:9                            <fn>
dart-sdk/lib/_internal/js_dev_runtime/private/linked_hash_map.dart 21:7           forEach
package:flutter/src/gestures/pointer_router.dart 140:17                           [_dispatchEventToRoutes]
package:flutter/src/gestures/pointer_router.dart 130:7                            route
package:flutter/src/gestures/binding.dart 528:5                                   handleEvent
package:flutter/src/gestures/binding.dart 498:14                                  dispatchEvent
package:flutter/src/rendering/binding.dart 473:11                                 dispatchEvent
package:flutter/src/gestures/binding.dart 437:7                                   [_handlePointerEventImmediately]
package:flutter/src/gestures/binding.dart 394:5                                   handlePointerEvent
package:flutter/src/gestures/binding.dart 341:7                                   [_flushPointerEventQueue]
package:flutter/src/gestures/binding.dart 308:9                                   [_handlePointerDataPacket]
dart-sdk/lib/_internal/js_dev_runtime/private/ddc_runtime/operations.dart 118:77  tear
lib/_engine/engine/platform_dispatcher.dart 1537:5                                invoke1
lib/_engine/engine/platform_dispatcher.dart 292:5                                 invokeOnPointerDataPacket
lib/_engine/engine/pointer_binding.dart 451:30                                    [_sendToFramework]
lib/_engine/engine/pointer_binding.dart 233:7                                     onPointerData
dart-sdk/lib/_internal/js_dev_runtime/private/ddc_runtime/operations.dart 118:77  tear
lib/_engine/engine/pointer_binding.dart 1070:20                                   <fn>
lib/_engine/engine/pointer_binding.dart 953:7                                     <fn>
lib/_engine/engine/pointer_binding.dart 576:9                                     loggedHandler
dart-sdk/lib/async/zone.dart 1849:54                                              runUnary
dart-sdk/lib/async/zone.dart 1804:26                                              <fn>
dart-sdk/lib/_internal/js_dev_runtime/patch/js_allow_interop_patch.dart 224:27    _callDartFunctionFast1
DartError: Could not find a generator for route RouteSettings("/sign-up", null) in the _WidgetsAppState.
Make sure your root app widget has provided a way to generate
this route.
Generators for routes are searched for in the following order:
 1. For the "/" route, the "home" property, if non-null, is used.
 2. Otherwise, the "routes" table is used, if it has an entry for the route.
 3. Otherwise, onGenerateRoute is called. It should return a non-null value for any valid route not handled by "home" and "routes".
 4. Finally if all else fails onUnknownRoute is called.
Unfortunately, onUnknownRoute was not set.
dart-sdk/lib/_internal/js_dev_runtime/private/ddc_runtime/errors.dart 274:3       throw_
package:flutter/src/widgets/app.dart 1570:9                                       <fn>
package:flutter/src/widgets/app.dart 1584:14                                      [_onUnknownRoute]
dart-sdk/lib/_internal/js_dev_runtime/private/ddc_runtime/operations.dart 118:77  tear
package:flutter/src/widgets/navigator.dart 4664:22                                [_routeNamed]
package:flutter/src/widgets/navigator.dart 4711:21                                pushNamed
package:flutter/src/widgets/navigator.dart 1905:32                                pushNamed
package:aura_crm/landing_page.dart 35:15                                          <fn>
dart-sdk/lib/_internal/js_dev_runtime/patch/async_patch.dart 623:19               <fn>
dart-sdk/lib/_internal/js_dev_runtime/patch/async_patch.dart 648:23               <fn>
dart-sdk/lib/_internal/js_dev_runtime/patch/async_patch.dart 542:3                _asyncStartSync
package:aura_crm/landing_page.dart 34:16                                          [_navigateToRoute]
package:aura_crm/landing_page.dart 184:34                                         <fn>
package:flutter/src/material/ink_well.dart 1204:21                                handleTap
dart-sdk/lib/_internal/js_dev_runtime/private/ddc_runtime/operations.dart 118:77  tear
package:flutter/src/gestures/recognizer.dart 345:24                               invokeCallback
package:flutter/src/gestures/tap.dart 758:11                                      handleTapUp
package:flutter/src/gestures/tap.dart 383:5                                       [_checkUp]
package:flutter/src/gestures/tap.dart 314:7                                       handlePrimaryPointer
package:flutter/src/gestures/recognizer.dart 721:9                                handleEvent
dart-sdk/lib/_internal/js_dev_runtime/private/ddc_runtime/operations.dart 118:77  tear
package:flutter/src/gestures/pointer_router.dart 97:7                             [_dispatch]
package:flutter/src/gestures/pointer_router.dart 142:9                            <fn>
dart-sdk/lib/_internal/js_dev_runtime/private/linked_hash_map.dart 21:7           forEach
package:flutter/src/gestures/pointer_router.dart 140:17                           [_dispatchEventToRoutes]
package:flutter/src/gestures/pointer_router.dart 130:7                            route
package:flutter/src/gestures/binding.dart 528:5                                   handleEvent
package:flutter/src/gestures/binding.dart 498:14                                  dispatchEvent
package:flutter/src/rendering/binding.dart 473:11                                 dispatchEvent
package:flutter/src/gestures/binding.dart 437:7                                   [_handlePointerEventImmediately]
package:flutter/src/gestures/binding.dart 394:5                                   handlePointerEvent
package:flutter/src/gestures/binding.dart 341:7                                   [_flushPointerEventQueue]
package:flutter/src/gestures/binding.dart 308:9                                   [_handlePointerDataPacket]
dart-sdk/lib/_internal/js_dev_runtime/private/ddc_runtime/operations.dart 118:77  tear
lib/_engine/engine/platform_dispatcher.dart 1537:5                                invoke1
lib/_engine/engine/platform_dispatcher.dart 292:5                                 invokeOnPointerDataPacket
lib/_engine/engine/pointer_binding.dart 451:30                                    [_sendToFramework]
lib/_engine/engine/pointer_binding.dart 233:7                                     onPointerData
dart-sdk/lib/_internal/js_dev_runtime/private/ddc_runtime/operations.dart 118:77  tear
lib/_engine/engine/pointer_binding.dart 1070:20                                   <fn>
lib/_engine/engine/pointer_binding.dart 953:7                                     <fn>
lib/_engine/engine/pointer_binding.dart 576:9                                     loggedHandler
dart-sdk/lib/async/zone.dart 1849:54                                              runUnary
dart-sdk/lib/async/zone.dart 1804:26                                              <fn>
dart-sdk/lib/_internal/js_dev_runtime/patch/js_allow_interop_patch.dart 224:27    _callDartFunctionFast1
Application finished.
