cCompiling lib\main.dart for the Web...                          
Wasm dry run findings:
Found incompatibilities with WebAssembly.

package:flutter_secure_storage_web/flutter_secure_storage_web.dart 5:1 - dart:html unsupported (0)
package:flutter_secure_storage_web/src/subtle.dart 21:1 - dart:html unsupported (0)
package:js/js.dart 10:1 - dart:js unsupported (1)
package:aura_crm/profile/company_profile_page.dart 5:1 - dart:html unsupported (0)
package:flutter_secure_storage_web/flutter_secure_storage_web.dart 6:1 - JS interop library 'dart:js_util' can't be imported when compiling to Wasm. (2)
package:flutter_secure_storage_web/src/subtle.dart 22:1 - JS interop library 'dart:js_util' can't be imported when compiling to Wasm. (2)
package:flutter_secure_storage_web/src/subtle.dart 26:1 - JS interop library 'package:js/js.dart' can't be imported when compiling to Wasm. (2)

Consider addressing these issues to enable wasm builds. See docs for more info: https://docs.flutter.dev/platform-integration/web/wasm

Use --no-wasm-dry-run to disable these warnings.
Target dart2js failed: ProcessException: Process exited abnormally with exit code 1:
lib/services/app_localizations.dart:39:42:
Error: Constant evaluation error:
  static const Map<String, String> _en = {
                                         ^
lib/services/app_localizations.dart:382:5:
Info: The key '"get_started"' conflicts with another existing key in the map.
    'get_started': 'Get Started',
    ^
lib/services/app_localizations.dart:39:36:
Info: While analyzing:
  static const Map<String, String> _en = {
                                   ^
lib/services/app_localizations.dart:505:42:
Error: Constant evaluation error:
  static const Map<String, String> _fr = {
                                         ^
lib/services/app_localizations.dart:792:5:
Info: The key '"get_started"' conflicts with another existing key in the map.
    'get_started': 'Commencer',
    ^
lib/services/app_localizations.dart:505:36:
Info: While analyzing:
  static const Map<String, String> _fr = {
                                   ^
lib/services/app_localizations.dart:885:42:
Error: Constant evaluation error:
  static const Map<String, String> _de = {
                                         ^
lib/services/app_localizations.dart:1173:5:
Info: The key '"get_started"' conflicts with another existing key in the map.
    'get_started': 'Los geht\'s',
    ^
lib/services/app_localizations.dart:885:36:
Info: While analyzing:
  static const Map<String, String> _de = {
                                   ^
lib/services/app_localizations.dart:1266:42:
Error: Constant evaluation error:
  static const Map<String, String> _es = {
                                         ^
lib/services/app_localizations.dart:1514:5:
Info: The key '"get_started"' conflicts with another existing key in the map.
    'get_started': 'Comenzar',
    ^
lib/services/app_localizations.dart:1266:36:
Info: While analyzing:
  static const Map<String, String> _es = {
                                   ^
lib/services/app_localizations.dart:1607:42:
Error: Constant evaluation error:
  static const Map<String, String> _it = {
                                         ^
lib/services/app_localizations.dart:1852:5:
Info: The key '"get_started"' conflicts with another existing key in the map.
    'get_started': 'Inizia',
    ^
lib/services/app_localizations.dart:1607:36:
Info: While analyzing:
  static const Map<String, String> _it = {
                                   ^
Error: Compilation failed.
  Command: C:\Users\flutter_windows_3.35.7-stable\flutter\bin\cache\dart-sdk\bin\dart.exe compile js --platform-binaries=C:\Users\flutter_windows_3.35.7-stable\flutter\bin\cache\flutter_web_sdk\kernel --invoker=flutter_tool -Ddart.vm.product=true -DFLUTTER_VERSION=3.35.7 -DFLUTTER_CHANNEL=stable -DFLUTTER_GIT_URL=https://github.com/flutter/flutter.git -DFLUTTER_FRAMEWORK_REVISION=adc9010625 -DFLUTTER_ENGINE_REVISION=035316565a -DFLUTTER_DART_VERSION=3.9.2 -DFLUTTER_WEB_USE_SKIA=true -DFLUTTER_WEB_USE_SKWASM=false -DFLUTTER_WEB_CANVASKIT_URL=https://www.gstatic.com/flutter-canvaskit/035316565ad77281a75305515e4682e6c4c6f7ca/ --native-null-assertions --no-source-maps -O4 --minify -o C:\Users\PC\AuraSphere\crm\aura_crm\.dart_tool\flutter_build\e4c6ac8028df744d7a1c958177db95a6\app.dill --packages=C:\Users\PC\AuraSphere\crm\aura_crm\.dart_tool\package_config.json --cfe-only C:\Users\PC\AuraSphere\crm\aura_crm\.dart_tool\flutter_build\e4c6ac8028df744d7a1c958177db95a6\main.dart
#0      RunResult.throwException (package:flutter_tools/src/base/process.dart:118:5)
#1      _DefaultProcessUtils.run (package:flutter_tools/src/base/process.dart:344:19)
<asynchronous suspension>
#2      Dart2JSTarget.build (package:flutter_tools/src/build_system/targets/web.dart:204:5)
<asynchronous suspension>
#3      _BuildInstance._invokeInternal (package:flutter_tools/src/build_system/build_system.dart:873:9)
<asynchronous suspension>
#4      Future.wait.<anonymous closure> (dart:async/future.dart:525:21)
<asynchronous suspension>
#5      _BuildInstance.invokeTarget (package:flutter_tools/src/build_system/build_system.dart:811:32)
<asynchronous suspension>
#6      Future.wait.<anonymous closure> (dart:async/future.dart:525:21)
<asynchronous suspension>
#7      _BuildInstance.invokeTarget (package:flutter_tools/src/build_system/build_system.dart:811:32)
<asynchronous suspension>
#8      FlutterBuildSystem.build (package:flutter_tools/src/build_system/build_system.dart:631:16)
<asynchronous suspension>
#9      WebBuilder.buildWeb (package:flutter_tools/src/web/compile.dart:90:34)
<asynchronous suspension>
#10     BuildWebCommand.runCommand (package:flutter_tools/src/commands/build_web.dart:282:5)
<asynchronous suspension>
#11     FlutterCommand.run.<anonymous closure> (package:flutter_tools/src/runner/flutter_command.dart:1581:27)
<asynchronous suspension>
#12     AppContext.run.<anonymous closure> (package:flutter_tools/src/base/context.dart:154:19)
<asynchronous suspension>
#13     CommandRunner.runCommand (package:args/command_runner.dart:212:13)
<asynchronous suspension>
#14     FlutterCommandRunner.runCommand.<anonymous closure> (package:flutter_tools/src/runner/flutter_command_runner.dart:503:9)
<asynchronous suspension>
#15     AppContext.run.<anonymous closure> (package:flutter_tools/src/base/context.dart:154:19)
<asynchronous suspension>
#16     FlutterCommandRunner.runCommand (package:flutter_tools/src/runner/flutter_command_runner.dart:438:5)
<asynchronous suspension>
#17     run.<anonymous closure>.<anonymous closure> (package:flutter_tools/runner.dart:98:11)
<asynchronous suspension>
#18     AppContext.run.<anonymous closure> (package:flutter_tools/src/base/context.dart:154:19)
<asynchronous suspension>
#19     main (package:flutter_tools/executable.dart:101:3)
<asynchronous suspension>

Compiling lib\main.dart for the Web...                             26.2s
Error: Failed to compile application for the Web.
